#
# There is insufficient memory for the Java Runtime Environment to continue.
# Native memory allocation (malloc) failed to allocate 572256 bytes for Chunk::new
# Possible reasons:
#   The system is out of physical RAM or swap space
#   The process is running with CompressedOops enabled, and the Java Heap may be blocking the growth of the native heap
# Possible solutions:
#   Reduce memory load on the system
#   Increase physical memory or swap space
#   Check if swap backing store is full
#   Decrease Java heap size (-Xmx/-Xms)
#   Decrease number of Java threads
#   Decrease Java thread stack sizes (-Xss)
#   Set larger code cache with -XX:ReservedCodeCacheSize=
#   JVM is running with Unscaled Compressed Oops mode in which the Java heap is
#     placed in the first 4GB address space. The Java Heap base address is the
#     maximum limit for the native heap growth. Please use -XX:HeapBaseMinAddress
#     to set the Java Heap base and to place the Java Heap above 4GB virtual address.
# This output file may be truncated or incomplete.
#
#  Out of Memory Error (./src/hotspot/share/memory/arena.cpp:197), pid=15656, tid=14556
#
# JRE version: OpenJDK Runtime Environment (11.0.10) (build 11.0.10+0-b96-7249189)
# Java VM: OpenJDK 64-Bit Server VM (11.0.10+0-b96-7249189, mixed mode, tiered, compressed oops, g1 gc, windows-amd64)
# No core dump will be written. Minidumps are not enabled by default on client versions of Windows
#

---------------  S U M M A R Y ------------

Command Line: --add-opens=java.base/java.util=ALL-UNNAMED --add-opens=java.base/java.lang=ALL-UNNAMED --add-opens=java.base/java.lang.invoke=ALL-UNNAMED --add-opens=java.base/java.util=ALL-UNNAMED --add-opens=java.prefs/java.util.prefs=ALL-UNNAMED --add-opens=java.prefs/java.util.prefs=ALL-UNNAMED --add-opens=java.base/java.nio.charset=ALL-UNNAMED --add-opens=java.base/java.net=ALL-UNNAMED --add-opens=java.base/java.util.concurrent.atomic=ALL-UNNAMED -Xmx2048m -Dfile.encoding=UTF-8 -Duser.country=FR -Duser.language=fr -Duser.variant org.gradle.launcher.daemon.bootstrap.GradleDaemon 7.0.2

Host: Intel(R) Core(TM) i3-7130U CPU @ 2.70GHz, 4 cores, 7G,  Windows 10 , 64 bit Build 19041 (10.0.19041.1348)
Time: Wed Jan 12 18:02:52 2022 Paris, Madrid elapsed time: 24.166319 seconds (0d 0h 0m 24s)

---------------  T H R E A D  ---------------

Current thread (0x000002b75bb4d800):  JavaThread "C2 CompilerThread0" daemon [_thread_in_native, id=14556, stack(0x000000fdb4a00000,0x000000fdb4b00000)]


Current CompileTask:
C2:  24166 9905       4       jdk.internal.loader.URLClassPath$JarLoader$2::getInputStream (15 bytes)

Stack: [0x000000fdb4a00000,0x000000fdb4b00000]
Native frames: (J=compiled Java code, j=interpreted, Vv=VM code, C=native code)
V  [jvm.dll+0x5ecfaa]
V  [jvm.dll+0x722bd5]
V  [jvm.dll+0x72412d]
V  [jvm.dll+0x7247e3]
V  [jvm.dll+0x242928]
V  [jvm.dll+0xbc4fc]
V  [jvm.dll+0xbca0c]
V  [jvm.dll+0x2b4fd4]
V  [jvm.dll+0x506028]
V  [jvm.dll+0x1fcdfd]
V  [jvm.dll+0x1fa77f]
V  [jvm.dll+0x18354c]
V  [jvm.dll+0x208ee7]
V  [jvm.dll+0x207731]
V  [jvm.dll+0x6eb1cf]
V  [jvm.dll+0x6e3d45]
V  [jvm.dll+0x5ebe96]
C  [ucrtbase.dll+0x21bb2]
C  [KERNEL32.DLL+0x17034]
C  [ntdll.dll+0x52651]


---------------  P R O C E S S  ---------------

Threads class SMR info:
_java_thread_list=0x000002b7625e75a0, length=48, elements={
0x000002b74001d000, 0x000002b75bb2d800, 0x000002b75bb31000, 0x000002b75bb48000,
0x000002b75bb48800, 0x000002b75bb4c800, 0x000002b75bb4d800, 0x000002b75bb5a000,
0x000002b75bb64000, 0x000002b75c643000, 0x000002b75dea3000, 0x000002b75e71b800,
0x000002b75de67800, 0x000002b75e4ae800, 0x000002b75e779000, 0x000002b75d65b000,
0x000002b75d65c000, 0x000002b75e8e6000, 0x000002b75e8e9000, 0x000002b75e8e7800,
0x000002b75e8ec800, 0x000002b75e8ea000, 0x000002b75e8e8000, 0x000002b75e8ea800,
0x000002b75e8e6800, 0x000002b75e8eb800, 0x000002b75ebfb000, 0x000002b75ebfd800,
0x000002b75ebfc800, 0x000002b75ebf7800, 0x000002b75ebf8800, 0x000002b75ebfe000,
0x000002b75ebff000, 0x000002b75ebfa000, 0x000002b75ec02800, 0x000002b75ec01800,
0x000002b75ec05800, 0x000002b75ec04000, 0x000002b75ec06800, 0x000002b75ec03000,
0x000002b75ec05000, 0x000002b75ec00800, 0x000002b765553800, 0x000002b76554e800,
0x000002b765552000, 0x000002b765555000, 0x000002b76554f800, 0x000002b765556000
}

Java Threads: ( => current thread )
  0x000002b74001d000 JavaThread "main" [_thread_blocked, id=3408, stack(0x000000fdb3e00000,0x000000fdb3f00000)]
  0x000002b75bb2d800 JavaThread "Reference Handler" daemon [_thread_blocked, id=14876, stack(0x000000fdb4500000,0x000000fdb4600000)]
  0x000002b75bb31000 JavaThread "Finalizer" daemon [_thread_blocked, id=16076, stack(0x000000fdb4600000,0x000000fdb4700000)]
  0x000002b75bb48000 JavaThread "Signal Dispatcher" daemon [_thread_blocked, id=2452, stack(0x000000fdb4700000,0x000000fdb4800000)]
  0x000002b75bb48800 JavaThread "Attach Listener" daemon [_thread_blocked, id=18300, stack(0x000000fdb4800000,0x000000fdb4900000)]
  0x000002b75bb4c800 JavaThread "Service Thread" daemon [_thread_blocked, id=2756, stack(0x000000fdb4900000,0x000000fdb4a00000)]
=>0x000002b75bb4d800 JavaThread "C2 CompilerThread0" daemon [_thread_in_native, id=14556, stack(0x000000fdb4a00000,0x000000fdb4b00000)]
  0x000002b75bb5a000 JavaThread "C1 CompilerThread0" daemon [_thread_in_vm, id=15412, stack(0x000000fdb4b00000,0x000000fdb4c00000)]
  0x000002b75bb64000 JavaThread "Sweeper thread" daemon [_thread_blocked, id=16968, stack(0x000000fdb4c00000,0x000000fdb4d00000)]
  0x000002b75c643000 JavaThread "Common-Cleaner" daemon [_thread_blocked, id=18708, stack(0x000000fdb4d00000,0x000000fdb4e00000)]
  0x000002b75dea3000 JavaThread "Daemon health stats" [_thread_blocked, id=18624, stack(0x000000fdb5100000,0x000000fdb5200000)]
  0x000002b75e71b800 JavaThread "Incoming local TCP Connector on port 52395" [_thread_in_native, id=12868, stack(0x000000fdb5200000,0x000000fdb5300000)]
  0x000002b75de67800 JavaThread "Daemon periodic checks" [_thread_blocked, id=12252, stack(0x000000fdb5300000,0x000000fdb5400000)]
  0x000002b75e4ae800 JavaThread "Daemon" [_thread_blocked, id=19000, stack(0x000000fdb5400000,0x000000fdb5500000)]
  0x000002b75e779000 JavaThread "Handler for socket connection from /127.0.0.1:52395 to /127.0.0.1:52396" [_thread_in_native, id=15212, stack(0x000000fdb5500000,0x000000fdb5600000)]
  0x000002b75d65b000 JavaThread "Cancel handler" [_thread_blocked, id=9276, stack(0x000000fdb5600000,0x000000fdb5700000)]
  0x000002b75d65c000 JavaThread "Daemon worker" [_thread_blocked, id=13676, stack(0x000000fdb5700000,0x000000fdb5800000)]
  0x000002b75e8e6000 JavaThread "Asynchronous log dispatcher for DefaultDaemonConnection: socket connection from /127.0.0.1:52395 to /127.0.0.1:52396" [_thread_blocked, id=13640, stack(0x000000fdb5800000,0x000000fdb5900000)]
  0x000002b75e8e9000 JavaThread "Stdin handler" [_thread_blocked, id=17284, stack(0x000000fdb5900000,0x000000fdb5a00000)]
  0x000002b75e8e7800 JavaThread "Daemon client event forwarder" [_thread_blocked, id=17648, stack(0x000000fdb5a00000,0x000000fdb5b00000)]
  0x000002b75e8ec800 JavaThread "Cache worker for file hash cache (C:\Users\Arnauld Cyriaque\.gradle\caches\7.0.2\fileHashes)" [_thread_blocked, id=16812, stack(0x000000fdb5c00000,0x000000fdb5d00000)]
  0x000002b75e8ea000 JavaThread "File lock request listener" [_thread_in_native, id=15232, stack(0x000000fdb5d00000,0x000000fdb5e00000)]
  0x000002b75e8e8000 JavaThread "Cache worker for journal cache (C:\Users\Arnauld Cyriaque\.gradle\caches\journal-1)" [_thread_blocked, id=14444, stack(0x000000fdb5e00000,0x000000fdb5f00000)]
  0x000002b75e8ea800 JavaThread "Cache worker for file hash cache (C:\Users\Arnauld Cyriaque\AndroidStudioProjects\Star2DP\.gradle\7.0.2\fileHashes)" [_thread_blocked, id=18260, stack(0x000000fdb5f00000,0x000000fdb6000000)]
  0x000002b75e8e6800 JavaThread "File watcher server" daemon [_thread_in_native, id=17236, stack(0x000000fdb6000000,0x000000fdb6100000)]
  0x000002b75e8eb800 JavaThread "File watcher consumer" daemon [_thread_blocked, id=6292, stack(0x000000fdb6100000,0x000000fdb6200000)]
  0x000002b75ebfb000 JavaThread "Cache worker for checksums cache (C:\Users\Arnauld Cyriaque\AndroidStudioProjects\Star2DP\.gradle\checksums)" [_thread_blocked, id=14308, stack(0x000000fdb6200000,0x000000fdb6300000)]
  0x000002b75ebfd800 JavaThread "Cache worker for cache directory md-supplier (C:\Users\Arnauld Cyriaque\.gradle\caches\7.0.2\md-supplier)" [_thread_blocked, id=16212, stack(0x000000fdb6300000,0x000000fdb6400000)]
  0x000002b75ebfc800 JavaThread "Cache worker for cache directory md-rule (C:\Users\Arnauld Cyriaque\.gradle\caches\7.0.2\md-rule)" [_thread_blocked, id=14376, stack(0x000000fdb6400000,0x000000fdb6500000)]
  0x000002b75ebf7800 JavaThread "Cache worker for execution history cache (C:\Users\Arnauld Cyriaque\.gradle\caches\7.0.2\executionHistory)" [_thread_blocked, id=856, stack(0x000000fdb6500000,0x000000fdb6600000)]
  0x000002b75ebf8800 JavaThread "jar transforms" [_thread_blocked, id=15496, stack(0x000000fdb6600000,0x000000fdb6700000)]
  0x000002b75ebfe000 JavaThread "jar transforms Thread 2" [_thread_blocked, id=17312, stack(0x000000fdb6700000,0x000000fdb6800000)]
  0x000002b75ebff000 JavaThread "Cache worker for file content cache (C:\Users\Arnauld Cyriaque\.gradle\caches\7.0.2\fileContent)" [_thread_blocked, id=15792, stack(0x000000fdb6800000,0x000000fdb6900000)]
  0x000002b75ebfa000 JavaThread "Cache worker for dependencies-accessors (C:\Users\Arnauld Cyriaque\AndroidStudioProjects\Star2DP\.gradle\7.0.2\dependencies-accessors)" [_thread_blocked, id=5320, stack(0x000000fdb6900000,0x000000fdb6a00000)]
  0x000002b75ec02800 JavaThread "jar transforms Thread 3" [_thread_blocked, id=7736, stack(0x000000fdb6a00000,0x000000fdb6b00000)]
  0x000002b75ec01800 JavaThread "Cache worker for Build Output Cleanup Cache (C:\Users\Arnauld Cyriaque\AndroidStudioProjects\Star2DP\.gradle\buildOutputCleanup)" [_thread_blocked, id=10868, stack(0x000000fdb6b00000,0x000000fdb6c00000)]
  0x000002b75ec05800 JavaThread "Build operations" [_thread_in_native, id=12772, stack(0x000000fdb6c00000,0x000000fdb6d00000)]
  0x000002b75ec04000 JavaThread "Build operations Thread 2" [_thread_blocked, id=8580, stack(0x000000fdb6d00000,0x000000fdb6e00000)]
  0x000002b75ec06800 JavaThread "Build operations Thread 3" [_thread_in_native, id=18848, stack(0x000000fdb6e00000,0x000000fdb6f00000)]
  0x000002b75ec03000 JavaThread "Build operations Thread 4" [_thread_in_Java, id=13800, stack(0x000000fdb6f00000,0x000000fdb7000000)]
  0x000002b75ec05000 JavaThread "jar transforms Thread 4" [_thread_blocked, id=16992, stack(0x000000fdb7000000,0x000000fdb7100000)]
  0x000002b75ec00800 JavaThread "Memory manager" [_thread_blocked, id=8680, stack(0x000000fdb7100000,0x000000fdb7200000)]
  0x000002b765553800 JavaThread "build event listener" [_thread_blocked, id=16904, stack(0x000000fdb7200000,0x000000fdb7300000)]
  0x000002b76554e800 JavaThread "build event listener" [_thread_blocked, id=4056, stack(0x000000fdb7300000,0x000000fdb7400000)]
  0x000002b765552000 JavaThread "Execution worker for ':'" [_thread_blocked, id=19020, stack(0x000000fdb7400000,0x000000fdb7500000)]
  0x000002b765555000 JavaThread "Execution worker for ':' Thread 2" [_thread_blocked, id=16660, stack(0x000000fdb7500000,0x000000fdb7600000)]
  0x000002b76554f800 JavaThread "Execution worker for ':' Thread 3" [_thread_blocked, id=3452, stack(0x000000fdb7600000,0x000000fdb7700000)]
  0x000002b765556000 JavaThread "Cache worker for execution history cache (C:\Users\Arnauld Cyriaque\AndroidStudioProjects\Star2DP\.gradle\7.0.2\executionHistory)" [_thread_blocked, id=11652, stack(0x000000fdb7700000,0x000000fdb7800000)]

Other Threads:
  0x000002b75bb28000 VMThread "VM Thread" [stack: 0x000000fdb4400000,0x000000fdb4500000] [id=16580]
  0x000002b75c685800 WatcherThread [stack: 0x000000fdb4e00000,0x000000fdb4f00000] [id=4948]
  0x000002b740036000 GCTaskThread "GC Thread#0" [stack: 0x000000fdb3f00000,0x000000fdb4000000] [id=12904]
  0x000002b75cce5000 GCTaskThread "GC Thread#1" [stack: 0x000000fdb4f00000,0x000000fdb5000000] [id=17136]
  0x000002b75ccdb800 GCTaskThread "GC Thread#2" [stack: 0x000000fdb5000000,0x000000fdb5100000] [id=4252]
  0x000002b75e8c9800 GCTaskThread "GC Thread#3" [stack: 0x000000fdb5b00000,0x000000fdb5c00000] [id=14472]
  0x000002b740067800 ConcurrentGCThread "G1 Main Marker" [stack: 0x000000fdb4000000,0x000000fdb4100000] [id=2300]
  0x000002b740069800 ConcurrentGCThread "G1 Conc#0" [stack: 0x000000fdb4100000,0x000000fdb4200000] [id=17040]
  0x000002b7400f8800 ConcurrentGCThread "G1 Refine#0" [stack: 0x000000fdb4200000,0x000000fdb4300000] [id=15580]
  0x000002b7400f9800 ConcurrentGCThread "G1 Young RemSet Sampling" [stack: 0x000000fdb4300000,0x000000fdb4400000] [id=5756]

Threads with active compile tasks:
C2 CompilerThread0  24228 9905       4       jdk.internal.loader.URLClassPath$JarLoader$2::getInputStream (15 bytes)
C1 CompilerThread0  24228 10025   !   2       org.gradle.api.internal.changedetection.state.PropertiesFileAwareClasspathResourceHasher::hash (132 bytes)

VM state:not at safepoint (normal execution)

VM Mutex/Monitor currently owned by a thread: None

Heap address: 0x0000000080000000, size: 2048 MB, Compressed Oops mode: 32-bit
Narrow klass base: 0x0000000000000000, Narrow klass shift: 3
Compressed class space size: 1073741824 Address: 0x0000000100000000

Heap:
 garbage-first heap   total 187392K, used 88771K [0x0000000080000000, 0x0000000100000000)
  region size 1024K, 23 young (23552K), 11 survivors (11264K)
 Metaspace       used 94872K, capacity 97160K, committed 97304K, reserved 1132544K
  class space    used 12373K, capacity 13223K, committed 13336K, reserved 1048576K
Heap Regions: E=young(eden), S=young(survivor), O=old, HS=humongous(starts), HC=humongous(continues), CS=collection set, F=free, A=archive, TAMS=top-at-mark-start (previous, next)
|   0|0x0000000080000000, 0x0000000080100000, 0x0000000080100000|100%|HS|  |TAMS 0x0000000080100000, 0x0000000080000000| Complete 
|   1|0x0000000080100000, 0x0000000080200000, 0x0000000080200000|100%|HC|  |TAMS 0x0000000080200000, 0x0000000080100000| Complete 
|   2|0x0000000080200000, 0x0000000080300000, 0x0000000080300000|100%|HC|  |TAMS 0x0000000080300000, 0x0000000080200000| Complete 
|   3|0x0000000080300000, 0x0000000080400000, 0x0000000080400000|100%| O|  |TAMS 0x0000000080400000, 0x0000000080300000| Untracked 
|   4|0x0000000080400000, 0x0000000080500000, 0x0000000080500000|100%| O|  |TAMS 0x0000000080500000, 0x0000000080400000| Untracked 
|   5|0x0000000080500000, 0x0000000080600000, 0x0000000080600000|100%| O|  |TAMS 0x0000000080600000, 0x0000000080500000| Untracked 
|   6|0x0000000080600000, 0x0000000080700000, 0x0000000080700000|100%| O|  |TAMS 0x0000000080700000, 0x0000000080600000| Untracked 
|   7|0x0000000080700000, 0x0000000080800000, 0x0000000080800000|100%| O|  |TAMS 0x0000000080800000, 0x0000000080700000| Untracked 
|   8|0x0000000080800000, 0x0000000080900000, 0x0000000080900000|100%| O|  |TAMS 0x0000000080900000, 0x0000000080800000| Untracked 
|   9|0x0000000080900000, 0x0000000080a00000, 0x0000000080a00000|100%| O|  |TAMS 0x0000000080a00000, 0x0000000080900000| Untracked 
|  10|0x0000000080a00000, 0x0000000080b00000, 0x0000000080b00000|100%| O|  |TAMS 0x0000000080b00000, 0x0000000080a00000| Untracked 
|  11|0x0000000080b00000, 0x0000000080c00000, 0x0000000080c00000|100%| O|  |TAMS 0x0000000080c00000, 0x0000000080b00000| Untracked 
|  12|0x0000000080c00000, 0x0000000080d00000, 0x0000000080d00000|100%| O|  |TAMS 0x0000000080d00000, 0x0000000080c00000| Untracked 
|  13|0x0000000080d00000, 0x0000000080e00000, 0x0000000080e00000|100%| O|  |TAMS 0x0000000080e00000, 0x0000000080d00000| Untracked 
|  14|0x0000000080e00000, 0x0000000080f00000, 0x0000000080f00000|100%| O|  |TAMS 0x0000000080f00000, 0x0000000080e00000| Untracked 
|  15|0x0000000080f00000, 0x0000000081000000, 0x0000000081000000|100%| O|  |TAMS 0x0000000081000000, 0x0000000080f00000| Untracked 
|  16|0x0000000081000000, 0x0000000081100000, 0x0000000081100000|100%|HS|  |TAMS 0x0000000081100000, 0x0000000081000000| Complete 
|  17|0x0000000081100000, 0x0000000081200000, 0x0000000081200000|100%| O|  |TAMS 0x0000000081200000, 0x0000000081100000| Untracked 
|  18|0x0000000081200000, 0x0000000081300000, 0x0000000081300000|100%| O|  |TAMS 0x0000000081300000, 0x0000000081200000| Untracked 
|  19|0x0000000081300000, 0x0000000081400000, 0x0000000081400000|100%| O|  |TAMS 0x0000000081400000, 0x0000000081300000| Untracked 
|  20|0x0000000081400000, 0x0000000081500000, 0x0000000081500000|100%| O|  |TAMS 0x0000000081500000, 0x0000000081400000| Untracked 
|  21|0x0000000081500000, 0x0000000081600000, 0x0000000081600000|100%| O|  |TAMS 0x0000000081600000, 0x0000000081500000| Untracked 
|  22|0x0000000081600000, 0x0000000081700000, 0x0000000081700000|100%| O|  |TAMS 0x0000000081700000, 0x0000000081600000| Untracked 
|  23|0x0000000081700000, 0x0000000081800000, 0x0000000081800000|100%|HS|  |TAMS 0x0000000081800000, 0x0000000081700000| Complete 
|  24|0x0000000081800000, 0x0000000081900000, 0x0000000081900000|100%|HS|  |TAMS 0x0000000081900000, 0x0000000081800000| Complete 
|  25|0x0000000081900000, 0x0000000081a00000, 0x0000000081a00000|100%|HS|  |TAMS 0x0000000081a00000, 0x0000000081900000| Complete 
|  26|0x0000000081a00000, 0x0000000081b00000, 0x0000000081b00000|100%|HC|  |TAMS 0x0000000081b00000, 0x0000000081a00000| Complete 
|  27|0x0000000081b00000, 0x0000000081c00000, 0x0000000081c00000|100%|HC|  |TAMS 0x0000000081c00000, 0x0000000081b00000| Complete 
|  28|0x0000000081c00000, 0x0000000081d00000, 0x0000000081d00000|100%|HS|  |TAMS 0x0000000081d00000, 0x0000000081c00000| Complete 
|  29|0x0000000081d00000, 0x0000000081e00000, 0x0000000081e00000|100%|HC|  |TAMS 0x0000000081e00000, 0x0000000081d00000| Complete 
|  30|0x0000000081e00000, 0x0000000081f00000, 0x0000000081f00000|100%| O|  |TAMS 0x0000000081f00000, 0x0000000081e00000| Untracked 
|  31|0x0000000081f00000, 0x0000000082000000, 0x0000000082000000|100%| O|  |TAMS 0x0000000082000000, 0x0000000081f00000| Untracked 
|  32|0x0000000082000000, 0x0000000082100000, 0x0000000082100000|100%| O|  |TAMS 0x0000000082100000, 0x0000000082000000| Untracked 
|  33|0x0000000082100000, 0x0000000082200000, 0x0000000082200000|100%| O|  |TAMS 0x0000000082200000, 0x0000000082100000| Untracked 
|  34|0x0000000082200000, 0x0000000082300000, 0x0000000082300000|100%| O|  |TAMS 0x0000000082300000, 0x0000000082200000| Untracked 
|  35|0x0000000082300000, 0x0000000082400000, 0x0000000082400000|100%| O|  |TAMS 0x0000000082400000, 0x0000000082300000| Untracked 
|  36|0x0000000082400000, 0x0000000082500000, 0x0000000082500000|100%| O|  |TAMS 0x0000000082500000, 0x0000000082400000| Untracked 
|  37|0x0000000082500000, 0x0000000082600000, 0x0000000082600000|100%| O|  |TAMS 0x0000000082600000, 0x0000000082500000| Untracked 
|  38|0x0000000082600000, 0x0000000082700000, 0x0000000082700000|100%| O|  |TAMS 0x0000000082700000, 0x0000000082600000| Untracked 
|  39|0x0000000082700000, 0x0000000082800000, 0x0000000082800000|100%| O|  |TAMS 0x0000000082800000, 0x0000000082700000| Untracked 
|  40|0x0000000082800000, 0x0000000082900000, 0x0000000082900000|100%| O|  |TAMS 0x0000000082900000, 0x0000000082800000| Untracked 
|  41|0x0000000082900000, 0x0000000082a00000, 0x0000000082a00000|100%| O|  |TAMS 0x0000000082a00000, 0x0000000082900000| Untracked 
|  42|0x0000000082a00000, 0x0000000082b00000, 0x0000000082b00000|100%| O|  |TAMS 0x0000000082b00000, 0x0000000082a00000| Untracked 
|  43|0x0000000082b00000, 0x0000000082c00000, 0x0000000082c00000|100%| O|  |TAMS 0x0000000082c00000, 0x0000000082b00000| Untracked 
|  44|0x0000000082c00000, 0x0000000082d00000, 0x0000000082d00000|100%| O|  |TAMS 0x0000000082d00000, 0x0000000082c00000| Untracked 
|  45|0x0000000082d00000, 0x0000000082e00000, 0x0000000082e00000|100%| O|  |TAMS 0x0000000082e00000, 0x0000000082d00000| Untracked 
|  46|0x0000000082e00000, 0x0000000082f00000, 0x0000000082f00000|100%| O|  |TAMS 0x0000000082f00000, 0x0000000082e00000| Untracked 
|  47|0x0000000082f00000, 0x0000000083000000, 0x0000000083000000|100%| O|  |TAMS 0x0000000083000000, 0x0000000082f00000| Untracked 
|  48|0x0000000083000000, 0x0000000083100000, 0x0000000083100000|100%| O|  |TAMS 0x0000000083100000, 0x0000000083000000| Untracked 
|  49|0x0000000083100000, 0x0000000083200000, 0x0000000083200000|100%| O|  |TAMS 0x0000000083100000, 0x0000000083100000| Untracked 
|  50|0x0000000083200000, 0x0000000083300000, 0x0000000083300000|100%| O|  |TAMS 0x0000000083300000, 0x0000000083200000| Untracked 
|  51|0x0000000083300000, 0x0000000083400000, 0x0000000083400000|100%| O|  |TAMS 0x00000000833cd400, 0x0000000083300000| Untracked 
|  52|0x0000000083400000, 0x0000000083500000, 0x0000000083500000|100%| O|  |TAMS 0x0000000083400000, 0x0000000083400000| Untracked 
|  53|0x0000000083500000, 0x0000000083600000, 0x0000000083600000|100%| O|  |TAMS 0x0000000083500000, 0x0000000083500000| Untracked 
|  54|0x0000000083600000, 0x0000000083700000, 0x0000000083700000|100%| O|  |TAMS 0x0000000083600000, 0x0000000083600000| Untracked 
|  55|0x0000000083700000, 0x0000000083800000, 0x0000000083800000|100%| O|  |TAMS 0x0000000083700000, 0x0000000083700000| Untracked 
|  56|0x0000000083800000, 0x0000000083900000, 0x0000000083900000|100%| O|  |TAMS 0x0000000083800000, 0x0000000083800000| Untracked 
|  57|0x0000000083900000, 0x0000000083a00000, 0x0000000083a00000|100%| O|  |TAMS 0x0000000083900000, 0x0000000083900000| Untracked 
|  58|0x0000000083a00000, 0x0000000083b00000, 0x0000000083b00000|100%| O|  |TAMS 0x0000000083a00000, 0x0000000083a00000| Untracked 
|  59|0x0000000083b00000, 0x0000000083c00000, 0x0000000083c00000|100%| O|  |TAMS 0x0000000083c00000, 0x0000000083b00000| Untracked 
|  60|0x0000000083c00000, 0x0000000083d00000, 0x0000000083d00000|100%| O|  |TAMS 0x0000000083c00000, 0x0000000083c00000| Untracked 
|  61|0x0000000083d00000, 0x0000000083e00000, 0x0000000083e00000|100%| O|  |TAMS 0x0000000083d00000, 0x0000000083d00000| Untracked 
|  62|0x0000000083e00000, 0x0000000083e00000, 0x0000000083f00000|  0%| F|  |TAMS 0x0000000083e00000, 0x0000000083e00000| Untracked 
|  63|0x0000000083f00000, 0x0000000084000000, 0x0000000084000000|100%| O|  |TAMS 0x0000000083f00000, 0x0000000083f00000| Untracked 
|  64|0x0000000084000000, 0x0000000084100000, 0x0000000084100000|100%| O|  |TAMS 0x0000000084000000, 0x0000000084000000| Untracked 
|  65|0x0000000084100000, 0x0000000084200000, 0x0000000084200000|100%| O|  |TAMS 0x0000000084100000, 0x0000000084100000| Untracked 
|  66|0x0000000084200000, 0x00000000842b0e00, 0x0000000084300000| 69%| O|  |TAMS 0x0000000084200000, 0x0000000084200000| Untracked 
|  67|0x0000000084300000, 0x0000000084300000, 0x0000000084400000|  0%| F|  |TAMS 0x0000000084300000, 0x0000000084300000| Untracked 
|  68|0x0000000084400000, 0x0000000084400000, 0x0000000084500000|  0%| F|  |TAMS 0x0000000084400000, 0x0000000084400000| Untracked 
|  69|0x0000000084500000, 0x0000000084500000, 0x0000000084600000|  0%| F|  |TAMS 0x0000000084500000, 0x0000000084500000| Untracked 
|  70|0x0000000084600000, 0x0000000084600000, 0x0000000084700000|  0%| F|  |TAMS 0x0000000084600000, 0x0000000084600000| Untracked 
|  71|0x0000000084700000, 0x0000000084700000, 0x0000000084800000|  0%| F|  |TAMS 0x0000000084700000, 0x0000000084700000| Untracked 
|  72|0x0000000084800000, 0x0000000084800000, 0x0000000084900000|  0%| F|  |TAMS 0x0000000084800000, 0x0000000084800000| Untracked 
|  73|0x0000000084900000, 0x0000000084900000, 0x0000000084a00000|  0%| F|  |TAMS 0x0000000084900000, 0x0000000084900000| Untracked 
|  74|0x0000000084a00000, 0x0000000084a00000, 0x0000000084b00000|  0%| F|  |TAMS 0x0000000084a00000, 0x0000000084a00000| Untracked 
|  75|0x0000000084b00000, 0x0000000084b00000, 0x0000000084c00000|  0%| F|  |TAMS 0x0000000084b00000, 0x0000000084b00000| Untracked 
|  76|0x0000000084c00000, 0x0000000084c00000, 0x0000000084d00000|  0%| F|  |TAMS 0x0000000084c00000, 0x0000000084c00000| Untracked 
|  77|0x0000000084d00000, 0x0000000084d00000, 0x0000000084e00000|  0%| F|  |TAMS 0x0000000084d00000, 0x0000000084d00000| Untracked 
|  78|0x0000000084e00000, 0x0000000084e00000, 0x0000000084f00000|  0%| F|  |TAMS 0x0000000084e00000, 0x0000000084e00000| Untracked 
|  79|0x0000000084f00000, 0x0000000084f00000, 0x0000000085000000|  0%| F|  |TAMS 0x0000000084f00000, 0x0000000084f00000| Untracked 
|  80|0x0000000085000000, 0x0000000085000000, 0x0000000085100000|  0%| F|  |TAMS 0x0000000085000000, 0x0000000085000000| Untracked 
|  81|0x0000000085100000, 0x0000000085100000, 0x0000000085200000|  0%| F|  |TAMS 0x0000000085100000, 0x0000000085100000| Untracked 
|  82|0x0000000085200000, 0x0000000085200000, 0x0000000085300000|  0%| F|  |TAMS 0x0000000085200000, 0x0000000085200000| Untracked 
|  83|0x0000000085300000, 0x0000000085300000, 0x0000000085400000|  0%| F|  |TAMS 0x0000000085300000, 0x0000000085300000| Untracked 
|  84|0x0000000085400000, 0x0000000085400000, 0x0000000085500000|  0%| F|  |TAMS 0x0000000085400000, 0x0000000085400000| Untracked 
|  85|0x0000000085500000, 0x0000000085500000, 0x0000000085600000|  0%| F|  |TAMS 0x0000000085500000, 0x0000000085500000| Untracked 
|  86|0x0000000085600000, 0x0000000085600000, 0x0000000085700000|  0%| F|  |TAMS 0x0000000085600000, 0x0000000085600000| Untracked 
|  87|0x0000000085700000, 0x0000000085700000, 0x0000000085800000|  0%| F|  |TAMS 0x0000000085700000, 0x0000000085700000| Untracked 
|  88|0x0000000085800000, 0x0000000085800000, 0x0000000085900000|  0%| F|  |TAMS 0x0000000085800000, 0x0000000085800000| Untracked 
|  89|0x0000000085900000, 0x0000000085900000, 0x0000000085a00000|  0%| F|  |TAMS 0x0000000085900000, 0x0000000085900000| Untracked 
|  90|0x0000000085a00000, 0x0000000085a00000, 0x0000000085b00000|  0%| F|  |TAMS 0x0000000085a00000, 0x0000000085a00000| Untracked 
|  91|0x0000000085b00000, 0x0000000085c00000, 0x0000000085c00000|100%| S|CS|TAMS 0x0000000085b00000, 0x0000000085b00000| Complete 
|  92|0x0000000085c00000, 0x0000000085d00000, 0x0000000085d00000|100%| S|CS|TAMS 0x0000000085c00000, 0x0000000085c00000| Complete 
|  93|0x0000000085d00000, 0x0000000085d00000, 0x0000000085e00000|  0%| F|  |TAMS 0x0000000085d00000, 0x0000000085d00000| Untracked 
|  94|0x0000000085e00000, 0x0000000085f00000, 0x0000000085f00000|100%| S|CS|TAMS 0x0000000085e00000, 0x0000000085e00000| Complete 
|  95|0x0000000085f00000, 0x0000000086000000, 0x0000000086000000|100%| S|CS|TAMS 0x0000000085f00000, 0x0000000085f00000| Complete 
|  96|0x0000000086000000, 0x0000000086100000, 0x0000000086100000|100%| S|CS|TAMS 0x0000000086000000, 0x0000000086000000| Complete 
|  97|0x0000000086100000, 0x0000000086200000, 0x0000000086200000|100%| S|CS|TAMS 0x0000000086100000, 0x0000000086100000| Complete 
|  98|0x0000000086200000, 0x0000000086300000, 0x0000000086300000|100%| S|CS|TAMS 0x0000000086200000, 0x0000000086200000| Complete 
|  99|0x0000000086300000, 0x0000000086400000, 0x0000000086400000|100%| S|CS|TAMS 0x0000000086300000, 0x0000000086300000| Complete 
| 100|0x0000000086400000, 0x0000000086500000, 0x0000000086500000|100%| S|CS|TAMS 0x0000000086400000, 0x0000000086400000| Complete 
| 101|0x0000000086500000, 0x0000000086500000, 0x0000000086600000|  0%| F|  |TAMS 0x0000000086500000, 0x0000000086500000| Untracked 
| 102|0x0000000086600000, 0x0000000086600000, 0x0000000086700000|  0%| F|  |TAMS 0x0000000086600000, 0x0000000086600000| Untracked 
| 103|0x0000000086700000, 0x0000000086700000, 0x0000000086800000|  0%| F|  |TAMS 0x0000000086700000, 0x0000000086700000| Untracked 
| 104|0x0000000086800000, 0x0000000086800000, 0x0000000086900000|  0%| F|  |TAMS 0x0000000086800000, 0x0000000086800000| Untracked 
| 105|0x0000000086900000, 0x0000000086900000, 0x0000000086a00000|  0%| F|  |TAMS 0x0000000086900000, 0x0000000086900000| Untracked 
| 106|0x0000000086a00000, 0x0000000086a00000, 0x0000000086b00000|  0%| F|  |TAMS 0x0000000086a00000, 0x0000000086a00000| Untracked 
| 107|0x0000000086b00000, 0x0000000086b00000, 0x0000000086c00000|  0%| F|  |TAMS 0x0000000086b00000, 0x0000000086b00000| Untracked 
| 108|0x0000000086c00000, 0x0000000086c00000, 0x0000000086d00000|  0%| F|  |TAMS 0x0000000086c00000, 0x0000000086c00000| Untracked 
| 109|0x0000000086d00000, 0x0000000086d00000, 0x0000000086e00000|  0%| F|  |TAMS 0x0000000086d00000, 0x0000000086d00000| Untracked 
| 110|0x0000000086e00000, 0x0000000086f00000, 0x0000000086f00000|100%| S|CS|TAMS 0x0000000086e00000, 0x0000000086e00000| Complete 
| 111|0x0000000086f00000, 0x0000000087000000, 0x0000000087000000|100%| S|CS|TAMS 0x0000000086f00000, 0x0000000086f00000| Complete 
| 112|0x0000000087000000, 0x0000000087000000, 0x0000000087100000|  0%| F|  |TAMS 0x0000000087000000, 0x0000000087000000| Untracked 
| 113|0x0000000087100000, 0x0000000087100000, 0x0000000087200000|  0%| F|  |TAMS 0x0000000087100000, 0x0000000087100000| Untracked 
| 114|0x0000000087200000, 0x0000000087200000, 0x0000000087300000|  0%| F|  |TAMS 0x0000000087200000, 0x0000000087200000| Untracked 
| 115|0x0000000087300000, 0x0000000087300000, 0x0000000087400000|  0%| F|  |TAMS 0x0000000087300000, 0x0000000087300000| Untracked 
| 116|0x0000000087400000, 0x0000000087400000, 0x0000000087500000|  0%| F|  |TAMS 0x0000000087400000, 0x0000000087400000| Untracked 
| 117|0x0000000087500000, 0x0000000087500000, 0x0000000087600000|  0%| F|  |TAMS 0x0000000087500000, 0x0000000087500000| Untracked 
| 118|0x0000000087600000, 0x0000000087600000, 0x0000000087700000|  0%| F|  |TAMS 0x0000000087600000, 0x0000000087600000| Untracked 
| 119|0x0000000087700000, 0x0000000087700000, 0x0000000087800000|  0%| F|  |TAMS 0x0000000087700000, 0x0000000087700000| Untracked 
| 120|0x0000000087800000, 0x0000000087800000, 0x0000000087900000|  0%| F|  |TAMS 0x0000000087800000, 0x0000000087800000| Untracked 
| 121|0x0000000087900000, 0x0000000087900000, 0x0000000087a00000|  0%| F|  |TAMS 0x0000000087900000, 0x0000000087900000| Untracked 
| 122|0x0000000087a00000, 0x0000000087a00000, 0x0000000087b00000|  0%| F|  |TAMS 0x0000000087a00000, 0x0000000087a00000| Untracked 
| 123|0x0000000087b00000, 0x0000000087b00000, 0x0000000087c00000|  0%| F|  |TAMS 0x0000000087b00000, 0x0000000087b00000| Untracked 
| 124|0x0000000087c00000, 0x0000000087c00000, 0x0000000087d00000|  0%| F|  |TAMS 0x0000000087c00000, 0x0000000087c00000| Untracked 
| 125|0x0000000087d00000, 0x0000000087d00000, 0x0000000087e00000|  0%| F|  |TAMS 0x0000000087d00000, 0x0000000087d00000| Untracked 
| 126|0x0000000087e00000, 0x0000000087e00000, 0x0000000087f00000|  0%| F|  |TAMS 0x0000000087e00000, 0x0000000087e00000| Untracked 
| 127|0x0000000087f00000, 0x0000000087f00000, 0x0000000088000000|  0%| F|  |TAMS 0x0000000087f00000, 0x0000000087f00000| Untracked 
| 128|0x0000000088000000, 0x0000000088000000, 0x0000000088100000|  0%| F|  |TAMS 0x0000000088000000, 0x0000000088000000| Untracked 
| 129|0x0000000088100000, 0x0000000088100000, 0x0000000088200000|  0%| F|  |TAMS 0x0000000088100000, 0x0000000088100000| Untracked 
| 130|0x0000000088200000, 0x0000000088200000, 0x0000000088300000|  0%| F|  |TAMS 0x0000000088200000, 0x0000000088200000| Untracked 
| 131|0x0000000088300000, 0x0000000088300000, 0x0000000088400000|  0%| F|  |TAMS 0x0000000088300000, 0x0000000088300000| Untracked 
| 132|0x0000000088400000, 0x0000000088400000, 0x0000000088500000|  0%| F|  |TAMS 0x0000000088400000, 0x0000000088400000| Untracked 
| 133|0x0000000088500000, 0x0000000088500000, 0x0000000088600000|  0%| F|  |TAMS 0x0000000088500000, 0x0000000088500000| Untracked 
| 134|0x0000000088600000, 0x0000000088600000, 0x0000000088700000|  0%| F|  |TAMS 0x0000000088600000, 0x0000000088600000| Untracked 
| 135|0x0000000088700000, 0x0000000088700000, 0x0000000088800000|  0%| F|  |TAMS 0x0000000088700000, 0x0000000088700000| Untracked 
| 136|0x0000000088800000, 0x0000000088800000, 0x0000000088900000|  0%| F|  |TAMS 0x0000000088800000, 0x0000000088800000| Untracked 
| 137|0x0000000088900000, 0x0000000088900000, 0x0000000088a00000|  0%| F|  |TAMS 0x0000000088900000, 0x0000000088900000| Untracked 
| 138|0x0000000088a00000, 0x0000000088a00000, 0x0000000088b00000|  0%| F|  |TAMS 0x0000000088a00000, 0x0000000088a00000| Untracked 
| 139|0x0000000088b00000, 0x0000000088b00000, 0x0000000088c00000|  0%| F|  |TAMS 0x0000000088b00000, 0x0000000088b00000| Untracked 
| 140|0x0000000088c00000, 0x0000000088c00000, 0x0000000088d00000|  0%| F|  |TAMS 0x0000000088c00000, 0x0000000088c00000| Untracked 
| 141|0x0000000088d00000, 0x0000000088d00000, 0x0000000088e00000|  0%| F|  |TAMS 0x0000000088d00000, 0x0000000088d00000| Untracked 
| 142|0x0000000088e00000, 0x0000000088e00000, 0x0000000088f00000|  0%| F|  |TAMS 0x0000000088e00000, 0x0000000088e00000| Untracked 
| 143|0x0000000088f00000, 0x0000000088f00000, 0x0000000089000000|  0%| F|  |TAMS 0x0000000088f00000, 0x0000000088f00000| Untracked 
| 144|0x0000000089000000, 0x0000000089000000, 0x0000000089100000|  0%| F|  |TAMS 0x0000000089000000, 0x0000000089000000| Untracked 
| 145|0x0000000089100000, 0x0000000089100000, 0x0000000089200000|  0%| F|  |TAMS 0x0000000089100000, 0x0000000089100000| Untracked 
| 146|0x0000000089200000, 0x0000000089200000, 0x0000000089300000|  0%| F|  |TAMS 0x0000000089200000, 0x0000000089200000| Untracked 
| 147|0x0000000089300000, 0x0000000089300000, 0x0000000089400000|  0%| F|  |TAMS 0x0000000089300000, 0x0000000089300000| Untracked 
| 148|0x0000000089400000, 0x0000000089400000, 0x0000000089500000|  0%| F|  |TAMS 0x0000000089400000, 0x0000000089400000| Untracked 
| 149|0x0000000089500000, 0x0000000089500000, 0x0000000089600000|  0%| F|  |TAMS 0x0000000089500000, 0x0000000089500000| Untracked 
| 150|0x0000000089600000, 0x0000000089600000, 0x0000000089700000|  0%| F|  |TAMS 0x0000000089600000, 0x0000000089600000| Untracked 
| 151|0x0000000089700000, 0x0000000089700000, 0x0000000089800000|  0%| F|  |TAMS 0x0000000089700000, 0x0000000089700000| Untracked 
| 152|0x0000000089800000, 0x0000000089800000, 0x0000000089900000|  0%| F|  |TAMS 0x0000000089800000, 0x0000000089800000| Untracked 
| 153|0x0000000089900000, 0x0000000089900000, 0x0000000089a00000|  0%| F|  |TAMS 0x0000000089900000, 0x0000000089900000| Untracked 
| 154|0x0000000089a00000, 0x0000000089a00000, 0x0000000089b00000|  0%| F|  |TAMS 0x0000000089a00000, 0x0000000089a00000| Untracked 
| 155|0x0000000089b00000, 0x0000000089b00000, 0x0000000089c00000|  0%| F|  |TAMS 0x0000000089b00000, 0x0000000089b00000| Untracked 
| 156|0x0000000089c00000, 0x0000000089c00000, 0x0000000089d00000|  0%| F|  |TAMS 0x0000000089c00000, 0x0000000089c00000| Untracked 
| 157|0x0000000089d00000, 0x0000000089d00000, 0x0000000089e00000|  0%| F|  |TAMS 0x0000000089d00000, 0x0000000089d00000| Untracked 
| 158|0x0000000089e00000, 0x0000000089e00000, 0x0000000089f00000|  0%| F|  |TAMS 0x0000000089e00000, 0x0000000089e00000| Untracked 
| 159|0x0000000089f00000, 0x0000000089f00000, 0x000000008a000000|  0%| F|  |TAMS 0x0000000089f00000, 0x0000000089f00000| Untracked 
| 160|0x000000008a000000, 0x000000008a000000, 0x000000008a100000|  0%| F|  |TAMS 0x000000008a000000, 0x000000008a000000| Untracked 
| 161|0x000000008a100000, 0x000000008a100000, 0x000000008a200000|  0%| F|  |TAMS 0x000000008a100000, 0x000000008a100000| Untracked 
| 162|0x000000008a200000, 0x000000008a200000, 0x000000008a300000|  0%| F|  |TAMS 0x000000008a200000, 0x000000008a200000| Untracked 
| 163|0x000000008a300000, 0x000000008a300000, 0x000000008a400000|  0%| F|  |TAMS 0x000000008a300000, 0x000000008a300000| Untracked 
| 164|0x000000008a400000, 0x000000008a400000, 0x000000008a500000|  0%| F|  |TAMS 0x000000008a400000, 0x000000008a400000| Untracked 
| 165|0x000000008a500000, 0x000000008a500000, 0x000000008a600000|  0%| F|  |TAMS 0x000000008a500000, 0x000000008a500000| Untracked 
| 166|0x000000008a600000, 0x000000008a600000, 0x000000008a700000|  0%| F|  |TAMS 0x000000008a600000, 0x000000008a600000| Untracked 
| 167|0x000000008a700000, 0x000000008a700000, 0x000000008a800000|  0%| F|  |TAMS 0x000000008a700000, 0x000000008a700000| Untracked 
| 168|0x000000008a800000, 0x000000008a800000, 0x000000008a900000|  0%| F|  |TAMS 0x000000008a800000, 0x000000008a800000| Untracked 
| 169|0x000000008a900000, 0x000000008a900000, 0x000000008aa00000|  0%| F|  |TAMS 0x000000008a900000, 0x000000008a900000| Untracked 
| 170|0x000000008aa00000, 0x000000008aa00000, 0x000000008ab00000|  0%| F|  |TAMS 0x000000008aa00000, 0x000000008aa00000| Untracked 
| 171|0x000000008ab00000, 0x000000008aba6318, 0x000000008ac00000| 64%| E|  |TAMS 0x000000008ab00000, 0x000000008ab00000| Complete 
| 172|0x000000008ac00000, 0x000000008ad00000, 0x000000008ad00000|100%| E|CS|TAMS 0x000000008ac00000, 0x000000008ac00000| Complete 
| 173|0x000000008ad00000, 0x000000008ae00000, 0x000000008ae00000|100%| E|CS|TAMS 0x000000008ad00000, 0x000000008ad00000| Complete 
| 174|0x000000008ae00000, 0x000000008af00000, 0x000000008af00000|100%| E|CS|TAMS 0x000000008ae00000, 0x000000008ae00000| Complete 
| 175|0x000000008af00000, 0x000000008b000000, 0x000000008b000000|100%| E|CS|TAMS 0x000000008af00000, 0x000000008af00000| Complete 
| 176|0x000000008b000000, 0x000000008b100000, 0x000000008b100000|100%| E|CS|TAMS 0x000000008b000000, 0x000000008b000000| Complete 
| 177|0x000000008b100000, 0x000000008b200000, 0x000000008b200000|100%| E|CS|TAMS 0x000000008b100000, 0x000000008b100000| Complete 
| 178|0x000000008b200000, 0x000000008b300000, 0x000000008b300000|100%| E|CS|TAMS 0x000000008b200000, 0x000000008b200000| Complete 
| 179|0x000000008b300000, 0x000000008b400000, 0x000000008b400000|100%| E|CS|TAMS 0x000000008b300000, 0x000000008b300000| Complete 
| 180|0x000000008b400000, 0x000000008b500000, 0x000000008b500000|100%| E|CS|TAMS 0x000000008b400000, 0x000000008b400000| Complete 
| 181|0x000000008b500000, 0x000000008b600000, 0x000000008b600000|100%| E|  |TAMS 0x000000008b500000, 0x000000008b500000| Complete 
| 182|0x000000008b600000, 0x000000008b700000, 0x000000008b700000|100%| E|CS|TAMS 0x000000008b600000, 0x000000008b600000| Complete 

Card table byte_map: [0x000002b754d40000,0x000002b755140000] _byte_map_base: 0x000002b754940000

Marking Bits (Prev, Next): (CMBitMap*) 0x000002b74005ecf0, (CMBitMap*) 0x000002b74005ecb8
 Prev Bits: [0x000002b757540000, 0x000002b759540000)
 Next Bits: [0x000002b755540000, 0x000002b757540000)

Polling page: 0x000002b73fea0000

Metaspace:

Usage:
  Non-class:     81.97 MB capacity,    80.57 MB ( 98%) used,     1.15 MB (  1%) free+waste,   254.81 KB ( <1%) overhead. 
      Class:     12.91 MB capacity,    12.08 MB ( 94%) used,   732.58 KB (  6%) free+waste,   117.19 KB ( <1%) overhead. 
       Both:     94.88 MB capacity,    92.65 MB ( 98%) used,     1.87 MB (  2%) free+waste,   372.00 KB ( <1%) overhead. 

Virtual space:
  Non-class space:       82.00 MB reserved,      82.00 MB (100%) committed 
      Class space:        1.00 GB reserved,      13.02 MB (  1%) committed 
             Both:        1.08 GB reserved,      95.02 MB (  9%) committed 

Chunk freelists:
   Non-Class:  31.00 KB
       Class:  25.00 KB
        Both:  56.00 KB

MaxMetaspaceSize: 17179869184.00 GB
CompressedClassSpaceSize: 1.00 GB

CodeHeap 'non-profiled nmethods': size=120064Kb used=4299Kb max_used=4299Kb free=115764Kb
 bounds [0x000002b74cde0000, 0x000002b74d220000, 0x000002b754320000]
CodeHeap 'profiled nmethods': size=120000Kb used=18962Kb max_used=18962Kb free=101037Kb
 bounds [0x000002b7458b0000, 0x000002b746b40000, 0x000002b74cde0000]
CodeHeap 'non-nmethods': size=5696Kb used=2306Kb max_used=2343Kb free=3389Kb
 bounds [0x000002b745320000, 0x000002b745590000, 0x000002b7458b0000]
 total_blobs=10707 nmethods=9785 adapters=833
 compilation: enabled
              stopped_count=0, restarted_count=0
 full_count=0

Compilation events (20 events):
Event: 24.156 Thread 0x000002b75bb5a000 nmethod 9944 0x000002b74d210890 code [0x000002b74d210a40, 0x000002b74d210af8]
Event: 24.156 Thread 0x000002b75bb5a000 9942       2       java.util.concurrent.locks.AbstractQueuedSynchronizer$Node::<init> (20 bytes)
Event: 24.157 Thread 0x000002b75bb5a000 nmethod 9942 0x000002b746b13b10 code [0x000002b746b13d00, 0x000002b746b14118]
Event: 24.157 Thread 0x000002b75bb5a000 9940       2       org.gradle.internal.snapshot.MerkleDirectorySnapshotBuilder$Directory::<init> (43 bytes)
Event: 24.157 Thread 0x000002b75bb5a000 nmethod 9940 0x000002b746b14310 code [0x000002b746b144e0, 0x000002b746b148d8]
Event: 24.157 Thread 0x000002b75bb5a000 9945       2       org.gradle.internal.snapshot.RegularFileSnapshot::accept (8 bytes)
Event: 24.158 Thread 0x000002b75bb5a000 nmethod 9945 0x000002b746b14990 code [0x000002b746b14b40, 0x000002b746b14c68]
Event: 24.158 Thread 0x000002b75bb5a000 9946       1       org.gradle.api.internal.changedetection.state.ResourceFilter$1::shouldBeIgnored (2 bytes)
Event: 24.158 Thread 0x000002b75bb5a000 nmethod 9946 0x000002b74d210b90 code [0x000002b74d210d40, 0x000002b74d210df8]
Event: 24.158 Thread 0x000002b75bb5a000 9947       1       org.gradle.internal.fingerprint.classpath.impl.ClasspathFingerprintingStrategy::access$300 (5 bytes)
Event: 24.158 Thread 0x000002b75bb5a000 nmethod 9947 0x000002b74d210e90 code [0x000002b74d211040, 0x000002b74d2110d8]
Event: 24.158 Thread 0x000002b75bb5a000 9948       1       org.gradle.internal.fingerprint.classpath.impl.ClasspathFingerprintingStrategy::access$900 (5 bytes)
Event: 24.158 Thread 0x000002b75bb5a000 nmethod 9948 0x000002b74d211190 code [0x000002b74d211340, 0x000002b74d2113d8]
Event: 24.159 Thread 0x000002b75bb5a000 9949       2       org.gradle.internal.fingerprint.classpath.impl.ClasspathFingerprintingStrategy$ClasspathFingerprintingVisitor::visitEntry (20 bytes)
Event: 24.159 Thread 0x000002b75bb5a000 nmethod 9949 0x000002b746b14d10 code [0x000002b746b14ee0, 0x000002b746b15188]
Event: 24.159 Thread 0x000002b75bb5a000 9950       2       org.gradle.internal.fingerprint.classpath.impl.ClasspathFingerprintingStrategy$ClasspathFingerprintingVisitor$1::<init> (20 bytes)
Event: 24.159 Thread 0x000002b75bb5a000 nmethod 9950 0x000002b746b15290 code [0x000002b746b15440, 0x000002b746b15658]
Event: 24.159 Thread 0x000002b75bb5a000 9951       2       org.gradle.internal.snapshot.impl.DirectorySnapshotterStatistics$CollectingFileVisitor::preVisitDirectory (10 bytes)
Event: 24.160 Thread 0x000002b75bb5a000 nmethod 9951 0x000002b746b15710 code [0x000002b746b158e0, 0x000002b746b15a88]
Event: 24.160 Thread 0x000002b75bb5a000 9953       2       org.gradle.api.internal.changedetection.state.ZipHasher::isZipFile (19 bytes)

GC Heap History (20 events):
Event: 7.620 GC heap before
{Heap before GC invocations=7 (full 0):
 garbage-first heap   total 129024K, used 81348K [0x0000000080000000, 0x0000000100000000)
  region size 1024K, 66 young (67584K), 3 survivors (3072K)
 Metaspace       used 35073K, capacity 35822K, committed 35840K, reserved 1081344K
  class space    used 4545K, capacity 4864K, committed 4864K, reserved 1048576K
}
Event: 7.632 GC heap after
{Heap after GC invocations=8 (full 0):
 garbage-first heap   total 129024K, used 22599K [0x0000000080000000, 0x0000000100000000)
  region size 1024K, 7 young (7168K), 7 survivors (7168K)
 Metaspace       used 35073K, capacity 35822K, committed 35840K, reserved 1081344K
  class space    used 4545K, capacity 4864K, committed 4864K, reserved 1048576K
}
Event: 8.570 GC heap before
{Heap before GC invocations=9 (full 0):
 garbage-first heap   total 129024K, used 91207K [0x0000000080000000, 0x0000000100000000)
  region size 1024K, 71 young (72704K), 7 survivors (7168K)
 Metaspace       used 39740K, capacity 40650K, committed 40780K, reserved 1085440K
  class space    used 5079K, capacity 5423K, committed 5452K, reserved 1048576K
}
Event: 8.602 GC heap after
{Heap after GC invocations=10 (full 0):
 garbage-first heap   total 155648K, used 27423K [0x0000000080000000, 0x0000000100000000)
  region size 1024K, 9 young (9216K), 9 survivors (9216K)
 Metaspace       used 39740K, capacity 40650K, committed 40780K, reserved 1085440K
  class space    used 5079K, capacity 5423K, committed 5452K, reserved 1048576K
}
Event: 10.690 GC heap before
{Heap before GC invocations=11 (full 0):
 garbage-first heap   total 155648K, used 112415K [0x0000000080000000, 0x0000000100000000)
  region size 1024K, 91 young (93184K), 9 survivors (9216K)
 Metaspace       used 48973K, capacity 50070K, committed 50252K, reserved 1093632K
  class space    used 6311K, capacity 6704K, committed 6732K, reserved 1048576K
}
Event: 10.710 GC heap after
{Heap after GC invocations=12 (full 0):
 garbage-first heap   total 155648K, used 31661K [0x0000000080000000, 0x0000000100000000)
  region size 1024K, 9 young (9216K), 9 survivors (9216K)
 Metaspace       used 48973K, capacity 50070K, committed 50252K, reserved 1093632K
  class space    used 6311K, capacity 6704K, committed 6732K, reserved 1048576K
}
Event: 14.674 GC heap before
{Heap before GC invocations=12 (full 0):
 garbage-first heap   total 155648K, used 122797K [0x0000000080000000, 0x0000000100000000)
  region size 1024K, 91 young (93184K), 9 survivors (9216K)
 Metaspace       used 53197K, capacity 54484K, committed 54732K, reserved 1097728K
  class space    used 6844K, capacity 7281K, committed 7372K, reserved 1048576K
}
Event: 14.706 GC heap after
{Heap after GC invocations=13 (full 0):
 garbage-first heap   total 155648K, used 50176K [0x0000000080000000, 0x0000000100000000)
  region size 1024K, 12 young (12288K), 12 survivors (12288K)
 Metaspace       used 53197K, capacity 54484K, committed 54732K, reserved 1097728K
  class space    used 6844K, capacity 7281K, committed 7372K, reserved 1048576K
}
Event: 16.294 GC heap before
{Heap before GC invocations=13 (full 0):
 garbage-first heap   total 155648K, used 115712K [0x0000000080000000, 0x0000000100000000)
  region size 1024K, 76 young (77824K), 12 survivors (12288K)
 Metaspace       used 61199K, capacity 62707K, committed 62924K, reserved 1103872K
  class space    used 7799K, capacity 8354K, committed 8396K, reserved 1048576K
}
Event: 16.315 GC heap after
{Heap after GC invocations=14 (full 0):
 garbage-first heap   total 155648K, used 53835K [0x0000000080000000, 0x0000000100000000)
  region size 1024K, 3 young (3072K), 3 survivors (3072K)
 Metaspace       used 61199K, capacity 62707K, committed 62924K, reserved 1103872K
  class space    used 7799K, capacity 8354K, committed 8396K, reserved 1048576K
}
Event: 17.370 GC heap before
{Heap before GC invocations=14 (full 0):
 garbage-first heap   total 155648K, used 104011K [0x0000000080000000, 0x0000000100000000)
  region size 1024K, 54 young (55296K), 3 survivors (3072K)
 Metaspace       used 67060K, capacity 68495K, committed 68556K, reserved 1107968K
  class space    used 8539K, capacity 9103K, committed 9164K, reserved 1048576K
}
Event: 17.383 GC heap after
{Heap after GC invocations=15 (full 0):
 garbage-first heap   total 187392K, used 57329K [0x0000000080000000, 0x0000000100000000)
  region size 1024K, 7 young (7168K), 7 survivors (7168K)
 Metaspace       used 67060K, capacity 68495K, committed 68556K, reserved 1107968K
  class space    used 8539K, capacity 9103K, committed 9164K, reserved 1048576K
}
Event: 18.800 GC heap before
{Heap before GC invocations=16 (full 0):
 garbage-first heap   total 187392K, used 133105K [0x0000000080000000, 0x0000000100000000)
  region size 1024K, 80 young (81920K), 7 survivors (7168K)
 Metaspace       used 71575K, capacity 73377K, committed 73624K, reserved 1114112K
  class space    used 9108K, capacity 9756K, committed 9880K, reserved 1048576K
}
Event: 18.826 GC heap after
{Heap after GC invocations=17 (full 0):
 garbage-first heap   total 187392K, used 62823K [0x0000000080000000, 0x0000000100000000)
  region size 1024K, 10 young (10240K), 10 survivors (10240K)
 Metaspace       used 71575K, capacity 73377K, committed 73624K, reserved 1114112K
  class space    used 9108K, capacity 9756K, committed 9880K, reserved 1048576K
}
Event: 20.275 GC heap before
{Heap before GC invocations=18 (full 0):
 garbage-first heap   total 187392K, used 136551K [0x0000000080000000, 0x0000000100000000)
  region size 1024K, 82 young (83968K), 10 survivors (10240K)
 Metaspace       used 79198K, capacity 81066K, committed 81176K, reserved 1120256K
  class space    used 10261K, capacity 10963K, committed 11032K, reserved 1048576K
}
Event: 20.296 GC heap after
{Heap after GC invocations=19 (full 0):
 garbage-first heap   total 187392K, used 67357K [0x0000000080000000, 0x0000000100000000)
  region size 1024K, 10 young (10240K), 10 survivors (10240K)
 Metaspace       used 79198K, capacity 81066K, committed 81176K, reserved 1120256K
  class space    used 10261K, capacity 10963K, committed 11032K, reserved 1048576K
}
Event: 21.619 GC heap before
{Heap before GC invocations=19 (full 0):
 garbage-first heap   total 187392K, used 141085K [0x0000000080000000, 0x0000000100000000)
  region size 1024K, 82 young (83968K), 10 survivors (10240K)
 Metaspace       used 86672K, capacity 88657K, committed 88856K, reserved 1126400K
  class space    used 11313K, capacity 12052K, committed 12056K, reserved 1048576K
}
Event: 21.639 GC heap after
{Heap after GC invocations=20 (full 0):
 garbage-first heap   total 187392K, used 72320K [0x0000000080000000, 0x0000000100000000)
  region size 1024K, 10 young (10240K), 10 survivors (10240K)
 Metaspace       used 86672K, capacity 88657K, committed 88856K, reserved 1126400K
  class space    used 11313K, capacity 12052K, committed 12056K, reserved 1048576K
}
Event: 23.984 GC heap before
{Heap before GC invocations=20 (full 0):
 garbage-first heap   total 187392K, used 145024K [0x0000000080000000, 0x0000000100000000)
  region size 1024K, 81 young (82944K), 10 survivors (10240K)
 Metaspace       used 94645K, capacity 96911K, committed 97304K, reserved 1132544K
  class space    used 12347K, capacity 13185K, committed 13336K, reserved 1048576K
}
Event: 24.007 GC heap after
{Heap after GC invocations=21 (full 0):
 garbage-first heap   total 187392K, used 78531K [0x0000000080000000, 0x0000000100000000)
  region size 1024K, 11 young (11264K), 11 survivors (11264K)
 Metaspace       used 94645K, capacity 96911K, committed 97304K, reserved 1132544K
  class space    used 12347K, capacity 13185K, committed 13336K, reserved 1048576K
}

Deoptimization events (20 events):
Event: 23.916 Thread 0x000002b75ec04000 DEOPT PACKING pc=0x000002b74cee1e08 sp=0x000000fdb6dfa680
Event: 23.916 Thread 0x000002b75ec04000 DEOPT UNPACKING pc=0x000002b7453478af sp=0x000000fdb6dfa6e0 mode 2
Event: 23.916 Thread 0x000002b75ec04000 Uncommon trap: trap_request=0xffffffde fr.pc=0x000002b74cee1e08 relative=0x0000000000001148
Event: 23.916 Thread 0x000002b75ec04000 Uncommon trap: reason=class_check action=maybe_recompile pc=0x000002b74cee1e08 method=java.util.zip.InflaterInputStream.read([BII)I @ 100 c2
Event: 23.916 Thread 0x000002b75ec04000 DEOPT PACKING pc=0x000002b74cee1e08 sp=0x000000fdb6dfa680
Event: 23.916 Thread 0x000002b75ec04000 DEOPT UNPACKING pc=0x000002b7453478af sp=0x000000fdb6dfa6e0 mode 2
Event: 23.916 Thread 0x000002b75ec04000 Uncommon trap: trap_request=0xffffffde fr.pc=0x000002b74cee1e08 relative=0x0000000000001148
Event: 23.916 Thread 0x000002b75ec04000 Uncommon trap: reason=class_check action=maybe_recompile pc=0x000002b74cee1e08 method=java.util.zip.InflaterInputStream.read([BII)I @ 100 c2
Event: 23.916 Thread 0x000002b75ec04000 DEOPT PACKING pc=0x000002b74cee1e08 sp=0x000000fdb6dfa600
Event: 23.916 Thread 0x000002b75ec04000 DEOPT UNPACKING pc=0x000002b7453478af sp=0x000000fdb6dfa660 mode 2
Event: 23.916 Thread 0x000002b75ec04000 Uncommon trap: trap_request=0xffffffde fr.pc=0x000002b74cee1e08 relative=0x0000000000001148
Event: 23.916 Thread 0x000002b75ec04000 Uncommon trap: reason=class_check action=maybe_recompile pc=0x000002b74cee1e08 method=java.util.zip.InflaterInputStream.read([BII)I @ 100 c2
Event: 23.916 Thread 0x000002b75ec04000 DEOPT PACKING pc=0x000002b74cee1e08 sp=0x000000fdb6dfa5e0
Event: 23.916 Thread 0x000002b75ec04000 DEOPT UNPACKING pc=0x000002b7453478af sp=0x000000fdb6dfa640 mode 2
Event: 23.955 Thread 0x000002b75ec05800 DEOPT PACKING pc=0x000002b74686edc4 sp=0x000000fdb6cfcdc0
Event: 23.955 Thread 0x000002b75ec05800 DEOPT UNPACKING pc=0x000002b7453476ce sp=0x000000fdb6cfc360 mode 0
Event: 24.147 Thread 0x000002b75ec06800 Uncommon trap: trap_request=0xffffff4d fr.pc=0x000002b74ce310a0 relative=0x0000000000000460
Event: 24.147 Thread 0x000002b75ec06800 Uncommon trap: reason=unstable_if action=reinterpret pc=0x000002b74ce310a0 method=java.lang.StringLatin1.compareToCI([B[B)I @ 68 c2
Event: 24.147 Thread 0x000002b75ec06800 DEOPT PACKING pc=0x000002b74ce310a0 sp=0x000000fdb6efb4b0
Event: 24.147 Thread 0x000002b75ec06800 DEOPT UNPACKING pc=0x000002b7453478af sp=0x000000fdb6efb428 mode 2

Classes redefined (0 events):
No events

Internal exceptions (20 events):
Event: 20.887 Thread 0x000002b75d65c000 Exception <a 'sun/nio/fs/WindowsException'{0x0000000089a6aaa8}> (0x0000000089a6aaa8) thrown at [./src/hotspot/share/prims/jni.cpp, line 615]
Event: 21.305 Thread 0x000002b75d65c000 Exception <a 'java/lang/NoSuchMethodError'{0x000000008817a170}: 'java.lang.Object java.lang.invoke.Invokers$Holder.linkToTargetMethod(java.lang.Object, int, int, java.lang.Object)'> (0x000000008817a170) thrown at [./src/hotspot/share/interpreter/linkResolver.cpp, line 773]
Event: 21.534 Thread 0x000002b75e8e7800 Exception <a 'java/lang/NoSuchMethodError'{0x00000000874ef098}: <clinit>> (0x00000000874ef098) thrown at [./src/hotspot/share/prims/jni.cpp, line 1362]
Event: 21.535 Thread 0x000002b75e8e7800 Exception <a 'java/lang/NoSuchMethodError'{0x00000000874f9558}: <clinit>> (0x00000000874f9558) thrown at [./src/hotspot/share/prims/jni.cpp, line 1362]
Event: 21.541 Thread 0x000002b75e8e7800 Exception <a 'java/lang/NoSuchMethodError'{0x000000008734cce8}: <clinit>> (0x000000008734cce8) thrown at [./src/hotspot/share/prims/jni.cpp, line 1362]
Event: 21.543 Thread 0x000002b75e8e7800 Exception <a 'java/lang/NoSuchMethodError'{0x00000000873bae90}: <clinit>> (0x00000000873bae90) thrown at [./src/hotspot/share/prims/jni.cpp, line 1362]
Event: 21.543 Thread 0x000002b75e8e7800 Exception <a 'java/lang/NoSuchMethodError'{0x00000000873bc168}: <clinit>> (0x00000000873bc168) thrown at [./src/hotspot/share/prims/jni.cpp, line 1362]
Event: 21.577 Thread 0x000002b76554e800 Exception <a 'java/lang/NoSuchMethodError'{0x000000008700e340}: <clinit>> (0x000000008700e340) thrown at [./src/hotspot/share/prims/jni.cpp, line 1362]
Event: 21.581 Thread 0x000002b76554e800 Exception <a 'java/lang/NoSuchMethodError'{0x0000000087022f10}: <clinit>> (0x0000000087022f10) thrown at [./src/hotspot/share/prims/jni.cpp, line 1362]
Event: 21.583 Thread 0x000002b76554e800 Exception <a 'java/lang/NoSuchMethodError'{0x000000008706a650}: <clinit>> (0x000000008706a650) thrown at [./src/hotspot/share/prims/jni.cpp, line 1362]
Event: 21.610 Thread 0x000002b75e8e7800 Exception <a 'java/lang/NoSuchMethodError'{0x0000000086ff0898}: <clinit>> (0x0000000086ff0898) thrown at [./src/hotspot/share/prims/jni.cpp, line 1362]
Event: 21.652 Thread 0x000002b76554f800 Exception <a 'java/lang/NoSuchMethodError'{0x000000008b508ce8}: 'java.lang.Object java.lang.invoke.Invokers$Holder.linkToTargetMethod(java.lang.Object, java.lang.Object, java.lang.Object, int, java.lang.Object, java.lang.Object)'> (0x000000008b508ce8) thrown at [./src/hotspot/share/interpreter/linkResolver.cpp, line 773]
Event: 21.720 Thread 0x000002b76554f800 Implicit null exception at 0x000002b74d11a814 to 0x000002b74d11ade8
Event: 21.828 Thread 0x000002b76554f800 Exception <a 'sun/nio/fs/WindowsException'{0x000000008ae95c18}> (0x000000008ae95c18) thrown at [./src/hotspot/share/prims/jni.cpp, line 615]
Event: 23.737 Thread 0x000002b75ec03000 Exception <a 'java/lang/NoSuchMethodError'{0x00000000880625c0}: 'java.lang.Object java.lang.invoke.DirectMethodHandle$Holder.invokeSpecialIFC(java.lang.Object, java.lang.Object, java.lang.Object)'> (0x00000000880625c0) thrown at [./src/hotspot/share/interpreter/linkResolver.cpp, line 773]
Event: 23.737 Thread 0x000002b75ec06800 Exception <a 'java/lang/NoSuchMethodError'{0x000000008806b028}: 'java.lang.Object java.lang.invoke.DirectMethodHandle$Holder.invokeSpecialIFC(java.lang.Object, java.lang.Object, java.lang.Object)'> (0x000000008806b028) thrown at [./src/hotspot/share/interpreter/linkResolver.cpp, line 773]
Event: 23.737 Thread 0x000002b75ec05800 Exception <a 'java/lang/NoSuchMethodError'{0x0000000088031740}: 'java.lang.Object java.lang.invoke.DirectMethodHandle$Holder.invokeSpecialIFC(java.lang.Object, java.lang.Object, java.lang.Object)'> (0x0000000088031740) thrown at [./src/hotspot/share/interpreter/linkResolver.cpp, line 773]
Event: 23.825 Thread 0x000002b75ec06800 Exception <a 'java/lang/NoSuchMethodError'{0x0000000087ca1e40}: 'int java.lang.invoke.DirectMethodHandle$Holder.invokeStaticInit(java.lang.Object, java.lang.Object, java.lang.Object, java.lang.Object, java.lang.Object)'> (0x0000000087ca1e40) thrown at [./src/hotspot/share/interpreter/linkResolver.cpp, line 773]
Event: 23.926 Thread 0x000002b75ec05800 Exception <a 'java/lang/NoSuchMethodError'{0x000000008733c248}: 'void java.lang.invoke.DirectMethodHandle$Holder.invokeStatic(java.lang.Object, java.lang.Object, java.lang.Object, java.lang.Object, java.lang.Object, java.lang.Object, java.lang.Object)'> (0x000000008733c248) thrown at [./src/hotspot/share/interpreter/linkResolver.cpp, line 773]
Event: 23.953 Thread 0x000002b75ec04000 Exception <a 'sun/nio/fs/WindowsException'{0x00000000872c6130}> (0x00000000872c6130) thrown at [./src/hotspot/share/prims/jni.cpp, line 615]

Events (20 events):
Event: 24.065 loading class com/google/common/io/Closer
Event: 24.065 loading class com/google/common/io/Closer done
Event: 24.067 loading class com/google/common/io/Closer$Suppressor
Event: 24.067 loading class com/google/common/io/Closer$Suppressor done
Event: 24.067 loading class com/google/common/io/Closer$SuppressingSuppressor
Event: 24.067 loading class com/google/common/io/Closer$SuppressingSuppressor done
Event: 24.070 loading class com/google/common/io/ByteStreams
Event: 24.070 loading class com/google/common/io/ByteStreams done
Event: 24.071 loading class com/google/common/io/ByteStreams$1
Event: 24.071 loading class com/google/common/io/ByteStreams$1 done
Event: 24.072 loading class com/google/common/io/ByteStreams$LimitedInputStream
Event: 24.072 loading class com/google/common/io/ByteStreams$LimitedInputStream done
Event: 24.073 loading class com/google/common/io/ByteArrayDataOutput
Event: 24.073 loading class com/google/common/io/ByteArrayDataOutput done
Event: 24.074 loading class com/google/common/io/ByteArrayDataInput
Event: 24.074 loading class com/google/common/io/ByteArrayDataInput done
Event: 24.124 Executing VM operation: RevokeBias
Event: 24.125 Executing VM operation: RevokeBias done
Event: 24.143 Loaded shared library C:\Program Files\Android\Android Studio\jre\bin\nio.dll
Event: 24.151 Loaded shared library C:\Program Files\Android\Android Studio\jre\bin\nio.dll


Dynamic libraries:
0x00007ff680310000 - 0x00007ff68031a000 	C:\Program Files\Android\Android Studio\jre\bin\java.exe
0x00007ffb8dc10000 - 0x00007ffb8de05000 	C:\windows\SYSTEM32\ntdll.dll
0x00007ffb8bf60000 - 0x00007ffb8c01e000 	C:\windows\System32\KERNEL32.DLL
0x00007ffb8b720000 - 0x00007ffb8b9e8000 	C:\windows\System32\KERNELBASE.dll
0x00007ffb8b4b0000 - 0x00007ffb8b5b0000 	C:\windows\System32\ucrtbase.dll
0x00007ffb83580000 - 0x00007ffb83597000 	C:\Program Files\Android\Android Studio\jre\bin\VCRUNTIME140.dll
0x00007ffb82510000 - 0x00007ffb82529000 	C:\Program Files\Android\Android Studio\jre\bin\jli.dll
0x00007ffb8c980000 - 0x00007ffb8cb21000 	C:\windows\System32\USER32.dll
0x00007ffb8bae0000 - 0x00007ffb8bb02000 	C:\windows\System32\win32u.dll
0x00007ffb73f70000 - 0x00007ffb7420a000 	C:\windows\WinSxS\amd64_microsoft.windows.common-controls_6595b64144ccf1df_6.0.19041.1110_none_60b5254171f9507e\COMCTL32.dll
0x00007ffb8da40000 - 0x00007ffb8da6b000 	C:\windows\System32\GDI32.dll
0x00007ffb8ce40000 - 0x00007ffb8cede000 	C:\windows\System32\msvcrt.dll
0x00007ffb8b610000 - 0x00007ffb8b71d000 	C:\windows\System32\gdi32full.dll
0x00007ffb8ba40000 - 0x00007ffb8badd000 	C:\windows\System32\msvcp_win.dll
0x00007ffb8bc50000 - 0x00007ffb8bc80000 	C:\windows\System32\IMM32.DLL
0x00007ffb80250000 - 0x00007ffb802ed000 	C:\Program Files\Android\Android Studio\jre\bin\msvcp140.dll
0x00007ffb47390000 - 0x00007ffb47e5f000 	C:\Program Files\Android\Android Studio\jre\bin\server\jvm.dll
0x00007ffb8c020000 - 0x00007ffb8c0cc000 	C:\windows\System32\ADVAPI32.dll
0x00007ffb8c820000 - 0x00007ffb8c8bb000 	C:\windows\System32\sechost.dll
0x00007ffb8cb30000 - 0x00007ffb8cc5a000 	C:\windows\System32\RPCRT4.dll
0x00007ffb8c8c0000 - 0x00007ffb8c8c8000 	C:\windows\System32\PSAPI.DLL
0x00007ffb72c30000 - 0x00007ffb72c39000 	C:\windows\SYSTEM32\WSOCK32.dll
0x00007ffb73570000 - 0x00007ffb73597000 	C:\windows\SYSTEM32\WINMM.dll
0x00007ffb8d900000 - 0x00007ffb8d96b000 	C:\windows\System32\WS2_32.dll
0x00007ffb81fd0000 - 0x00007ffb81fda000 	C:\windows\SYSTEM32\VERSION.dll
0x00007ffb89b60000 - 0x00007ffb89b72000 	C:\windows\SYSTEM32\kernel.appcore.dll
0x00007ffb7ef10000 - 0x00007ffb7ef21000 	C:\Program Files\Android\Android Studio\jre\bin\verify.dll
0x00007ffb890c0000 - 0x00007ffb892a4000 	C:\windows\SYSTEM32\DBGHELP.DLL
0x00007ffb72db0000 - 0x00007ffb72ddc000 	C:\windows\SYSTEM32\dbgcore.DLL
0x00007ffb8bb10000 - 0x00007ffb8bb92000 	C:\windows\System32\bcryptPrimitives.dll
0x00007ffb71710000 - 0x00007ffb71739000 	C:\Program Files\Android\Android Studio\jre\bin\java.dll
0x00007ffb83870000 - 0x00007ffb8387b000 	C:\Program Files\Android\Android Studio\jre\bin\jimage.dll
0x00007ffb67710000 - 0x00007ffb67728000 	C:\Program Files\Android\Android Studio\jre\bin\zip.dll
0x00007ffb8c0d0000 - 0x00007ffb8c814000 	C:\windows\System32\SHELL32.dll
0x00007ffb892d0000 - 0x00007ffb89a64000 	C:\windows\SYSTEM32\windows.storage.dll
0x00007ffb8d0c0000 - 0x00007ffb8d415000 	C:\windows\System32\combase.dll
0x00007ffb8abc0000 - 0x00007ffb8abee000 	C:\windows\SYSTEM32\Wldp.dll
0x00007ffb8cc70000 - 0x00007ffb8cd1d000 	C:\windows\System32\SHCORE.dll
0x00007ffb8bf00000 - 0x00007ffb8bf55000 	C:\windows\System32\shlwapi.dll
0x00007ffb8b260000 - 0x00007ffb8b27f000 	C:\windows\SYSTEM32\profapi.dll
0x00007ffb66c00000 - 0x00007ffb66c1a000 	C:\Program Files\Android\Android Studio\jre\bin\net.dll
0x00007ffb7d580000 - 0x00007ffb7d68c000 	C:\windows\SYSTEM32\WINHTTP.dll
0x00007ffb8a9a0000 - 0x00007ffb8aa0a000 	C:\windows\system32\mswsock.dll
0x00007ffb66be0000 - 0x00007ffb66bf4000 	C:\Program Files\Android\Android Studio\jre\bin\nio.dll
0x00007ffb66ba0000 - 0x00007ffb66bc7000 	C:\Users\Arnauld Cyriaque\.gradle\native\8bec1ad78214c89d9ad589b4d07fe93259594b29d510b10fafb7a158f7737e5d\windows-amd64\native-platform.dll
0x00007ffb3dd70000 - 0x00007ffb3dead000 	C:\Users\Arnauld Cyriaque\.gradle\native\53dbd7edfb1c66fb8903c78663c9afc45aea4f116125fa6feffd364cf09443e8\windows-amd64\native-platform-file-events.dll
0x00007ffb835a0000 - 0x00007ffb835aa000 	C:\Program Files\Android\Android Studio\jre\bin\management.dll
0x00007ffb82000000 - 0x00007ffb8200c000 	C:\Program Files\Android\Android Studio\jre\bin\management_ext.dll
0x00007ffb8ac00000 - 0x00007ffb8ac18000 	C:\windows\SYSTEM32\CRYPTSP.dll
0x00007ffb8a340000 - 0x00007ffb8a374000 	C:\windows\system32\rsaenh.dll
0x00007ffb8b480000 - 0x00007ffb8b4a7000 	C:\windows\System32\bcrypt.dll
0x00007ffb8b220000 - 0x00007ffb8b24e000 	C:\windows\SYSTEM32\USERENV.dll
0x00007ffb8ab30000 - 0x00007ffb8ab3c000 	C:\windows\SYSTEM32\CRYPTBASE.dll
0x00007ffb8a6b0000 - 0x00007ffb8a6eb000 	C:\windows\SYSTEM32\IPHLPAPI.DLL
0x00007ffb8cee0000 - 0x00007ffb8cee8000 	C:\windows\System32\NSI.dll
0x00007ffb7da80000 - 0x00007ffb7da97000 	C:\windows\SYSTEM32\dhcpcsvc6.DLL
0x00007ffb7d980000 - 0x00007ffb7d99d000 	C:\windows\SYSTEM32\dhcpcsvc.DLL
0x00007ffb8a6f0000 - 0x00007ffb8a7bb000 	C:\windows\SYSTEM32\DNSAPI.dll
0x00007ffb66870000 - 0x00007ffb66897000 	C:\Program Files\Android\Android Studio\jre\bin\sunec.dll
0x00007ffb7ee90000 - 0x00007ffb7ee9a000 	C:\Windows\System32\rasadhlp.dll
0x00007ffb7d180000 - 0x00007ffb7d1ff000 	C:\windows\System32\fwpuclnt.dll
0x00007ffb8a010000 - 0x00007ffb8a043000 	C:\windows\SYSTEM32\ntmarta.dll

dbghelp: loaded successfully - version: 4.0.5 - missing functions: none
symbol engine: initialized successfully - sym options: 0x614 - pdb path: .;C:\Program Files\Android\Android Studio\jre\bin;C:\windows\SYSTEM32;C:\windows\WinSxS\amd64_microsoft.windows.common-controls_6595b64144ccf1df_6.0.19041.1110_none_60b5254171f9507e;C:\Program Files\Android\Android Studio\jre\bin\server;C:\Users\Arnauld Cyriaque\.gradle\native\8bec1ad78214c89d9ad589b4d07fe93259594b29d510b10fafb7a158f7737e5d\windows-amd64;C:\Users\Arnauld Cyriaque\.gradle\native\53dbd7edfb1c66fb8903c78663c9afc45aea4f116125fa6feffd364cf09443e8\windows-amd64

VM Arguments:
jvm_args: --add-opens=java.base/java.util=ALL-UNNAMED --add-opens=java.base/java.lang=ALL-UNNAMED --add-opens=java.base/java.lang.invoke=ALL-UNNAMED --add-opens=java.base/java.util=ALL-UNNAMED --add-opens=java.prefs/java.util.prefs=ALL-UNNAMED --add-opens=java.prefs/java.util.prefs=ALL-UNNAMED --add-opens=java.base/java.nio.charset=ALL-UNNAMED --add-opens=java.base/java.net=ALL-UNNAMED --add-opens=java.base/java.util.concurrent.atomic=ALL-UNNAMED -Xmx2048m -Dfile.encoding=UTF-8 -Duser.country=FR -Duser.language=fr -Duser.variant 
java_command: org.gradle.launcher.daemon.bootstrap.GradleDaemon 7.0.2
java_class_path (initial): C:\Users\Arnauld Cyriaque\.gradle\wrapper\dists\gradle-7.0.2-bin\857tjihv64xamwrf0h14cai3r\gradle-7.0.2\lib\gradle-launcher-7.0.2.jar
Launcher Type: SUN_STANDARD

[Global flags]
     intx CICompilerCount                          = 3                                         {product} {ergonomic}
     uint ConcGCThreads                            = 1                                         {product} {ergonomic}
     uint G1ConcRefinementThreads                  = 4                                         {product} {ergonomic}
   size_t G1HeapRegionSize                         = 1048576                                   {product} {ergonomic}
    uintx GCDrainStackTargetSize                   = 64                                        {product} {ergonomic}
   size_t InitialHeapSize                          = 132120576                                 {product} {ergonomic}
   size_t MarkStackSize                            = 4194304                                   {product} {ergonomic}
   size_t MaxHeapSize                              = 2147483648                                {product} {command line}
   size_t MaxNewSize                               = 1287651328                                {product} {ergonomic}
   size_t MinHeapDeltaBytes                        = 1048576                                   {product} {ergonomic}
    uintx NonNMethodCodeHeapSize                   = 5830732                                {pd product} {ergonomic}
    uintx NonProfiledCodeHeapSize                  = 122913754                              {pd product} {ergonomic}
    uintx ProfiledCodeHeapSize                     = 122913754                              {pd product} {ergonomic}
    uintx ReservedCodeCacheSize                    = 251658240                              {pd product} {ergonomic}
     bool SegmentedCodeCache                       = true                                      {product} {ergonomic}
     bool UseCompressedClassPointers               = true                                 {lp64_product} {ergonomic}
     bool UseCompressedOops                        = true                                 {lp64_product} {ergonomic}
     bool UseG1GC                                  = true                                      {product} {ergonomic}
     bool UseLargePagesIndividualAllocation        = false                                  {pd product} {ergonomic}

Logging:
Log output configuration:
 #0: stdout all=warning uptime,level,tags
 #1: stderr all=off uptime,level,tags

Environment Variables:
JAVA_HOME=C:\Program Files\Java\jdk-11.0.12
PATH=C:\Program Files (x86)\Common Files\Oracle\Java\javapath;C:\Program Files\Common Files\Oracle\Java\javapath;C:\windows\system32;C:\windows;C:\windows\System32\Wbem;C:\windows\System32\WindowsPowerShell\v1.0\;C:\windows\System32\OpenSSH\;C:\Program Files\Git\cmd;C:\Program Files\nodejs\;C:\Users\Arnauld Cyriaque\AppData\Local\Microsoft\WindowsApps;C:\Users\Arnauld Cyriaque\AppData\Local\Programs\Microsoft VS Code\bin;C:\Users\Arnauld Cyriaque\AppData\Local\GitHubDesktop\bin;C:\Program Files\Bandizip\;C:\Program Files\JetBrains\IntelliJ IDEA 2021.3\bin;;C:\Users\Arnauld Cyriaque\AppData\Roaming\npm;C:\Program Files\JetBrains\PyCharm Community Edition 2021.3\bin;
USERNAME=Arnauld Cyriaque
OS=Windows_NT
PROCESSOR_IDENTIFIER=Intel64 Family 6 Model 142 Stepping 9, GenuineIntel



---------------  S Y S T E M  ---------------

OS: Windows 10 , 64 bit Build 19041 (10.0.19041.1348)
OS uptime: 2 days 10:05 hours
Hyper-V role detected

CPU:total 4 (initial active 4) (2 cores per cpu, 2 threads per core) family 6 model 142 stepping 9 microcode 0xb4, cmov, cx8, fxsr, mmx, sse, sse2, sse3, ssse3, sse4.1, sse4.2, popcnt, avx, avx2, aes, clmul, erms, 3dnowpref, lzcnt, ht, tsc, tscinvbit, bmi1, bmi2, adx, fma

Memory: 4k page, system-wide physical 8052M (292M free)
TotalPageFile size 22475M (AvailPageFile size 3M)
current process WorkingSet (physical memory assigned to process): 400M, peak: 400M
current process commit charge ("private bytes"): 448M, peak: 449M

vm_info: OpenJDK 64-Bit Server VM (11.0.10+0-b96-7249189) for windows-amd64 JRE (11.0.10+0-b96-7249189), built on Mar 31 2021 21:44:00 by "builder" with MS VC++ 14.0 (VS2015)

END.
